-2590
35 9
29 9
33 3
38 31
6 31
10 39
23 39
9 41
47 16
42 16
49 22
8 6
35 10
40 0
7 6
1 45
39 31
45 10
3 12
25 12
34 12
18 41
7 40
48 45
15 45
9 36
2 45
8 45
13 21
5 45
13 45
35 41
41 16
17 16
27 3
21 25
3 7
8 44
44 7
11 2
2 36
37 47
47 7
19 7
26 22
26 1
35 22
49 48
20 48
24 19
19 48
48 46
33 30
49 19
46 40
43 40
20 29
10 31
4 29
10 29
27 29
23 29
10 44
27 8
33 8
20 34
25 34
7 22
38 3
35 34
32 34
8 26
6 48
38 42
2 42
5 42
10 22
6 44
3 2
44 29
5 29
31 22
32 22
22 14
29 31
46 31
7 31
37 44
47 44
41 31
26 31
14 0
49 35
9 23
6 35
40 9
1 0
43 0
36 43
49 32
25 3
15 25
6 26
17 12
6 12
27 13
40 13
12 23
23 26
25 7
39 7
39 40
16 40
32 3
30 32
23 32
21 24
23 16
38 16
7 16
18 16
10 24
4 28
28 24
9 24
46 24
7 24
11 39
11 32
32 21
30 21
47 21
21 16
3 48
47 48
9 14
6 14
40 48
23 40
5 28
28 48
15 40
29 2
12 48
7 14
35 28
10 14
25 23
23 14
34 8
9 43
17 43
30 37
36 15
49 8
39 15
15 8
12 46
49 37
36 46
19 8
1 8
12 5
36 5
5 8
17 8
8 14
34 14
33 14
10 4
17 19
25 19
47 29
15 29
17 29
19 4
2 48
23 48
37 48
21 48
27 48
39 42
7 42
24 42
2 22
38 12
7 33
47 33
17 33
32 33
42 0
25 0
6 23
42 29
19 22
18 37
17 37
20 36
6 36
10 21
18 21
21 36
19 36
18 36
36 24
26 24
22 24
4 27
13 4
34 4
18 32
42 32
32 4
13 12
6 49
35 32
35 12
7 9
11 27
9 22
38 27
20 6
10 30
7 30
34 27
10 41
30 2
30 9
13 2
38 23
13 30
30 4
6 42
7 15
6 17
35 1
3 39
6 39
21 39
17 22
3 16
26 10
18 10
17 26
47 25
18 7
3 35
3 9
3 13
47 23
3 0
